2024-10-18T00:50:01.759+03:00  INFO 14592 --- [AnotherVault] [main] c.V.A.AnotherVaultApplication            : Starting AnotherVaultApplication v0.0.2-SNAPSHOT using Java 21.0.1 with PID 14592 (C:\Users\dmitr\IdeaProjects\vault_durov\target\AnotherVault-0.0.2-SNAPSHOT.jar started by dmitr in C:\Users\dmitr\IdeaProjects\vault_durov\target)
2024-10-18T00:50:01.768+03:00  INFO 14592 --- [AnotherVault] [main] c.V.A.AnotherVaultApplication            : No active profile set, falling back to 1 default profile: "default"
2024-10-18T00:50:04.593+03:00  INFO 14592 --- [AnotherVault] [main] .s.d.r.c.RepositoryConfigurationDelegate : Bootstrapping Spring Data JPA repositories in DEFAULT mode.
2024-10-18T00:50:04.763+03:00  INFO 14592 --- [AnotherVault] [main] .s.d.r.c.RepositoryConfigurationDelegate : Finished Spring Data repository scanning in 144 ms. Found 1 JPA repository interface.
2024-10-18T00:50:06.213+03:00  INFO 14592 --- [AnotherVault] [main] o.s.b.w.embedded.tomcat.TomcatWebServer  : Tomcat initialized with port 8080 (http)
2024-10-18T00:50:06.268+03:00  INFO 14592 --- [AnotherVault] [main] o.apache.catalina.core.StandardService   : Starting service [Tomcat]
2024-10-18T00:50:06.268+03:00  INFO 14592 --- [AnotherVault] [main] o.apache.catalina.core.StandardEngine    : Starting Servlet engine: [Apache Tomcat/10.1.30]
2024-10-18T00:50:06.403+03:00  INFO 14592 --- [AnotherVault] [main] o.a.c.c.C.[Tomcat].[localhost].[/]       : Initializing Spring embedded WebApplicationContext
2024-10-18T00:50:06.403+03:00  INFO 14592 --- [AnotherVault] [main] w.s.c.ServletWebServerApplicationContext : Root WebApplicationContext: initialization completed in 4463 ms
2024-10-18T00:50:06.883+03:00  INFO 14592 --- [AnotherVault] [main] o.hibernate.jpa.internal.util.LogHelper  : HHH000204: Processing PersistenceUnitInfo [name: default]
2024-10-18T00:50:07.083+03:00  INFO 14592 --- [AnotherVault] [main] org.hibernate.Version                    : HHH000412: Hibernate ORM core version 6.5.3.Final
2024-10-18T00:50:07.233+03:00  INFO 14592 --- [AnotherVault] [main] o.h.c.internal.RegionFactoryInitiator    : HHH000026: Second-level cache disabled
2024-10-18T00:50:08.123+03:00  INFO 14592 --- [AnotherVault] [main] o.s.o.j.p.SpringPersistenceUnitInfo      : No LoadTimeWeaver setup: ignoring JPA class transformer
2024-10-18T00:50:08.195+03:00  INFO 14592 --- [AnotherVault] [main] com.zaxxer.hikari.HikariDataSource       : HikariPool-1 - Starting...
2024-10-18T00:50:08.708+03:00  INFO 14592 --- [AnotherVault] [main] com.zaxxer.hikari.pool.HikariPool        : HikariPool-1 - Added connection org.postgresql.jdbc.PgConnection@75cacb3e
2024-10-18T00:50:08.713+03:00  INFO 14592 --- [AnotherVault] [main] com.zaxxer.hikari.HikariDataSource       : HikariPool-1 - Start completed.
2024-10-18T00:50:08.823+03:00  WARN 14592 --- [AnotherVault] [main] org.hibernate.orm.deprecation            : HHH90000025: PostgreSQLDialect does not need to be specified explicitly using 'hibernate.dialect' (remove the property setting and it will be selected by default)
2024-10-18T00:50:11.296+03:00  INFO 14592 --- [AnotherVault] [main] o.h.e.t.j.p.i.JtaPlatformInitiator       : HHH000489: No JTA platform available (set 'hibernate.transaction.jta.platform' to enable JTA platform integration)
2024-10-18T00:50:11.443+03:00  INFO 14592 --- [AnotherVault] [main] j.LocalContainerEntityManagerFactoryBean : Initialized JPA EntityManagerFactory for persistence unit 'default'
2024-10-18T00:50:14.063+03:00  INFO 14592 --- [AnotherVault] [main] r$InitializeUserDetailsManagerConfigurer : Global AuthenticationManager configured with UserDetailsService bean with name userDetailsServiceImpl
2024-10-18T00:50:14.357+03:00  WARN 14592 --- [AnotherVault] [main] JpaBaseConfiguration$JpaWebConfiguration : spring.jpa.open-in-view is enabled by default. Therefore, database queries may be performed during view rendering. Explicitly configure spring.jpa.open-in-view to disable this warning
2024-10-18T00:50:15.073+03:00 DEBUG 14592 --- [AnotherVault] [main] o.s.s.web.DefaultSecurityFilterChain     : Will secure any request with filters: DisableEncodeUrlFilter, WebAsyncManagerIntegrationFilter, SecurityContextHolderFilter, HeaderWriterFilter, LogoutFilter, RequestCacheAwareFilter, SecurityContextHolderAwareRequestFilter, AnonymousAuthenticationFilter, ExceptionTranslationFilter, AuthorizationFilter
2024-10-18T00:50:15.803+03:00  INFO 14592 --- [AnotherVault] [main] o.s.b.w.embedded.tomcat.TomcatWebServer  : Tomcat started on port 8080 (http) with context path '/'
2024-10-18T00:50:15.833+03:00  INFO 14592 --- [AnotherVault] [main] c.V.A.AnotherVaultApplication            : Started AnotherVaultApplication in 15.546 seconds (process running for 16.8)
2024-10-18T00:50:24.193+03:00  INFO 14592 --- [AnotherVault] [http-nio-8080-exec-1] o.a.c.c.C.[Tomcat].[localhost].[/]       : Initializing Spring DispatcherServlet 'dispatcherServlet'
2024-10-18T00:50:24.197+03:00  INFO 14592 --- [AnotherVault] [http-nio-8080-exec-1] o.s.web.servlet.DispatcherServlet        : Initializing Servlet 'dispatcherServlet'
2024-10-18T00:50:24.197+03:00  INFO 14592 --- [AnotherVault] [http-nio-8080-exec-1] o.s.web.servlet.DispatcherServlet        : Completed initialization in 0 ms
2024-10-18T00:50:24.253+03:00 DEBUG 14592 --- [AnotherVault] [http-nio-8080-exec-1] o.s.security.web.FilterChainProxy        : Securing POST /api/files/upload/
2024-10-18T00:50:24.283+03:00 DEBUG 14592 --- [AnotherVault] [http-nio-8080-exec-1] o.s.security.web.FilterChainProxy        : Secured POST /api/files/upload/
2024-10-18T00:50:25.726+03:00  INFO 14592 --- [AnotherVault] [http-nio-8080-exec-1] c.VTB.AnotherVault.Services.CLOService   : Файл 'asd.txt' успешно загружен в bucket 's3-user-91c47d-default-bucket'.
2024-10-18T00:50:25.783+03:00 DEBUG 14592 --- [AnotherVault] [http-nio-8080-exec-1] o.s.s.w.a.AnonymousAuthenticationFilter  : Set SecurityContextHolder to anonymous SecurityContext
2024-10-18T00:50:33.608+03:00 DEBUG 14592 --- [AnotherVault] [http-nio-8080-exec-3] o.s.security.web.FilterChainProxy        : Securing POST /auth/login
2024-10-18T00:50:33.610+03:00 DEBUG 14592 --- [AnotherVault] [http-nio-8080-exec-3] o.s.security.web.FilterChainProxy        : Secured POST /auth/login
2024-10-18T00:50:34.287+03:00 DEBUG 14592 --- [AnotherVault] [http-nio-8080-exec-3] o.s.s.a.dao.DaoAuthenticationProvider    : Authenticated user
2024-10-18T00:50:34.288+03:00 DEBUG 14592 --- [AnotherVault] [http-nio-8080-exec-3] o.s.s.w.a.AnonymousAuthenticationFilter  : Set SecurityContextHolder to anonymous SecurityContext
