2024-10-18T00:38:23.176+03:00  INFO 7776 --- [AnotherVault] [main] c.V.A.AnotherVaultApplication            : Starting AnotherVaultApplication using Java 21.0.1 with PID 7776 (C:\Users\dmitr\IdeaProjects\vault_durov\target\classes started by dmitr in C:\Users\dmitr\IdeaProjects\vault_durov)
2024-10-18T00:38:23.213+03:00  INFO 7776 --- [AnotherVault] [main] c.V.A.AnotherVaultApplication            : No active profile set, falling back to 1 default profile: "default"
2024-10-18T00:38:25.310+03:00  INFO 7776 --- [AnotherVault] [main] .s.d.r.c.RepositoryConfigurationDelegate : Bootstrapping Spring Data JPA repositories in DEFAULT mode.
2024-10-18T00:38:25.417+03:00  INFO 7776 --- [AnotherVault] [main] .s.d.r.c.RepositoryConfigurationDelegate : Finished Spring Data repository scanning in 97 ms. Found 1 JPA repository interface.
2024-10-18T00:38:26.677+03:00  INFO 7776 --- [AnotherVault] [main] o.s.b.w.embedded.tomcat.TomcatWebServer  : Tomcat initialized with port 8080 (http)
2024-10-18T00:38:26.707+03:00  INFO 7776 --- [AnotherVault] [main] o.apache.catalina.core.StandardService   : Starting service [Tomcat]
2024-10-18T00:38:26.708+03:00  INFO 7776 --- [AnotherVault] [main] o.apache.catalina.core.StandardEngine    : Starting Servlet engine: [Apache Tomcat/10.1.30]
2024-10-18T00:38:26.824+03:00  INFO 7776 --- [AnotherVault] [main] o.a.c.c.C.[Tomcat].[localhost].[/]       : Initializing Spring embedded WebApplicationContext
2024-10-18T00:38:26.824+03:00  INFO 7776 --- [AnotherVault] [main] w.s.c.ServletWebServerApplicationContext : Root WebApplicationContext: initialization completed in 3505 ms
2024-10-18T00:38:27.120+03:00  INFO 7776 --- [AnotherVault] [main] o.hibernate.jpa.internal.util.LogHelper  : HHH000204: Processing PersistenceUnitInfo [name: default]
2024-10-18T00:38:27.243+03:00  INFO 7776 --- [AnotherVault] [main] org.hibernate.Version                    : HHH000412: Hibernate ORM core version 6.5.3.Final
2024-10-18T00:38:27.305+03:00  INFO 7776 --- [AnotherVault] [main] o.h.c.internal.RegionFactoryInitiator    : HHH000026: Second-level cache disabled
2024-10-18T00:38:27.836+03:00  INFO 7776 --- [AnotherVault] [main] o.s.o.j.p.SpringPersistenceUnitInfo      : No LoadTimeWeaver setup: ignoring JPA class transformer
2024-10-18T00:38:27.890+03:00  INFO 7776 --- [AnotherVault] [main] com.zaxxer.hikari.HikariDataSource       : HikariPool-1 - Starting...
2024-10-18T00:38:28.242+03:00  INFO 7776 --- [AnotherVault] [main] com.zaxxer.hikari.pool.HikariPool        : HikariPool-1 - Added connection org.postgresql.jdbc.PgConnection@ac417a2
2024-10-18T00:38:28.245+03:00  INFO 7776 --- [AnotherVault] [main] com.zaxxer.hikari.HikariDataSource       : HikariPool-1 - Start completed.
2024-10-18T00:38:28.309+03:00  WARN 7776 --- [AnotherVault] [main] org.hibernate.orm.deprecation            : HHH90000025: PostgreSQLDialect does not need to be specified explicitly using 'hibernate.dialect' (remove the property setting and it will be selected by default)
2024-10-18T00:38:30.030+03:00  INFO 7776 --- [AnotherVault] [main] o.h.e.t.j.p.i.JtaPlatformInitiator       : HHH000489: No JTA platform available (set 'hibernate.transaction.jta.platform' to enable JTA platform integration)
2024-10-18T00:38:30.175+03:00  INFO 7776 --- [AnotherVault] [main] j.LocalContainerEntityManagerFactoryBean : Initialized JPA EntityManagerFactory for persistence unit 'default'
2024-10-18T00:38:31.618+03:00  INFO 7776 --- [AnotherVault] [main] r$InitializeUserDetailsManagerConfigurer : Global AuthenticationManager configured with UserDetailsService bean with name userDetailsServiceImpl
2024-10-18T00:38:31.752+03:00  WARN 7776 --- [AnotherVault] [main] JpaBaseConfiguration$JpaWebConfiguration : spring.jpa.open-in-view is enabled by default. Therefore, database queries may be performed during view rendering. Explicitly configure spring.jpa.open-in-view to disable this warning
2024-10-18T00:38:32.168+03:00 DEBUG 7776 --- [AnotherVault] [main] o.s.s.web.DefaultSecurityFilterChain     : Will secure any request with filters: DisableEncodeUrlFilter, WebAsyncManagerIntegrationFilter, SecurityContextHolderFilter, HeaderWriterFilter, LogoutFilter, RequestCacheAwareFilter, SecurityContextHolderAwareRequestFilter, AnonymousAuthenticationFilter, ExceptionTranslationFilter, AuthorizationFilter
2024-10-18T00:38:32.619+03:00  INFO 7776 --- [AnotherVault] [main] o.s.b.w.embedded.tomcat.TomcatWebServer  : Tomcat started on port 8080 (http) with context path '/'
2024-10-18T00:38:32.631+03:00  INFO 7776 --- [AnotherVault] [main] c.V.A.AnotherVaultApplication            : Started AnotherVaultApplication in 10.746 seconds (process running for 13.291)
2024-10-18T00:38:37.053+03:00  INFO 7776 --- [AnotherVault] [http-nio-8080-exec-2] o.a.c.c.C.[Tomcat].[localhost].[/]       : Initializing Spring DispatcherServlet 'dispatcherServlet'
2024-10-18T00:38:37.053+03:00  INFO 7776 --- [AnotherVault] [http-nio-8080-exec-2] o.s.web.servlet.DispatcherServlet        : Initializing Servlet 'dispatcherServlet'
2024-10-18T00:38:37.055+03:00  INFO 7776 --- [AnotherVault] [http-nio-8080-exec-2] o.s.web.servlet.DispatcherServlet        : Completed initialization in 1 ms
2024-10-18T00:38:37.091+03:00 DEBUG 7776 --- [AnotherVault] [http-nio-8080-exec-2] o.s.security.web.FilterChainProxy        : Securing POST /api/files/upload/
2024-10-18T00:38:37.110+03:00 DEBUG 7776 --- [AnotherVault] [http-nio-8080-exec-2] o.s.s.w.a.AnonymousAuthenticationFilter  : Set SecurityContextHolder to anonymous SecurityContext
2024-10-18T00:38:37.168+03:00 DEBUG 7776 --- [AnotherVault] [http-nio-8080-exec-2] o.s.s.w.s.HttpSessionRequestCache        : Saved request http://localhost:8080/api/files/upload/?continue to session
2024-10-18T00:38:37.168+03:00 DEBUG 7776 --- [AnotherVault] [http-nio-8080-exec-2] o.s.s.w.a.Http403ForbiddenEntryPoint     : Pre-authenticated entry point called. Rejecting access
2024-10-18T00:38:37.182+03:00 DEBUG 7776 --- [AnotherVault] [http-nio-8080-exec-2] o.s.security.web.FilterChainProxy        : Securing POST /error
2024-10-18T00:38:37.183+03:00 DEBUG 7776 --- [AnotherVault] [http-nio-8080-exec-2] o.s.s.w.a.AnonymousAuthenticationFilter  : Set SecurityContextHolder to anonymous SecurityContext
2024-10-18T00:38:37.184+03:00 DEBUG 7776 --- [AnotherVault] [http-nio-8080-exec-2] o.s.s.w.s.HttpSessionRequestCache        : Saved request http://localhost:8080/error?continue to session
2024-10-18T00:38:37.184+03:00 DEBUG 7776 --- [AnotherVault] [http-nio-8080-exec-2] o.s.s.w.a.Http403ForbiddenEntryPoint     : Pre-authenticated entry point called. Rejecting access
2024-10-18T00:40:00.898+03:00  INFO 7776 --- [AnotherVault] [SpringApplicationShutdownHook] j.LocalContainerEntityManagerFactoryBean : Closing JPA EntityManagerFactory for persistence unit 'default'
2024-10-18T00:40:00.902+03:00  INFO 7776 --- [AnotherVault] [SpringApplicationShutdownHook] com.zaxxer.hikari.HikariDataSource       : HikariPool-1 - Shutdown initiated...
2024-10-18T00:40:00.914+03:00  INFO 7776 --- [AnotherVault] [SpringApplicationShutdownHook] com.zaxxer.hikari.HikariDataSource       : HikariPool-1 - Shutdown completed.
2024-10-18T00:40:14.010+03:00  INFO 14372 --- [AnotherVault] [main] c.V.A.AnotherVaultApplication            : Starting AnotherVaultApplication using Java 21.0.1 with PID 14372 (C:\Users\dmitr\IdeaProjects\vault_durov\target\classes started by dmitr in C:\Users\dmitr\IdeaProjects\vault_durov)
2024-10-18T00:40:14.013+03:00  INFO 14372 --- [AnotherVault] [main] c.V.A.AnotherVaultApplication            : No active profile set, falling back to 1 default profile: "default"
2024-10-18T00:40:15.623+03:00  INFO 14372 --- [AnotherVault] [main] .s.d.r.c.RepositoryConfigurationDelegate : Bootstrapping Spring Data JPA repositories in DEFAULT mode.
2024-10-18T00:40:15.724+03:00  INFO 14372 --- [AnotherVault] [main] .s.d.r.c.RepositoryConfigurationDelegate : Finished Spring Data repository scanning in 86 ms. Found 1 JPA repository interface.
2024-10-18T00:40:16.555+03:00  INFO 14372 --- [AnotherVault] [main] o.s.b.w.embedded.tomcat.TomcatWebServer  : Tomcat initialized with port 8080 (http)
2024-10-18T00:40:16.587+03:00  INFO 14372 --- [AnotherVault] [main] o.apache.catalina.core.StandardService   : Starting service [Tomcat]
2024-10-18T00:40:16.587+03:00  INFO 14372 --- [AnotherVault] [main] o.apache.catalina.core.StandardEngine    : Starting Servlet engine: [Apache Tomcat/10.1.30]
2024-10-18T00:40:16.735+03:00  INFO 14372 --- [AnotherVault] [main] o.a.c.c.C.[Tomcat].[localhost].[/]       : Initializing Spring embedded WebApplicationContext
2024-10-18T00:40:16.736+03:00  INFO 14372 --- [AnotherVault] [main] w.s.c.ServletWebServerApplicationContext : Root WebApplicationContext: initialization completed in 2611 ms
2024-10-18T00:40:17.079+03:00  INFO 14372 --- [AnotherVault] [main] o.hibernate.jpa.internal.util.LogHelper  : HHH000204: Processing PersistenceUnitInfo [name: default]
2024-10-18T00:40:17.267+03:00  INFO 14372 --- [AnotherVault] [main] org.hibernate.Version                    : HHH000412: Hibernate ORM core version 6.5.3.Final
2024-10-18T00:40:17.344+03:00  INFO 14372 --- [AnotherVault] [main] o.h.c.internal.RegionFactoryInitiator    : HHH000026: Second-level cache disabled
2024-10-18T00:40:17.983+03:00  INFO 14372 --- [AnotherVault] [main] o.s.o.j.p.SpringPersistenceUnitInfo      : No LoadTimeWeaver setup: ignoring JPA class transformer
2024-10-18T00:40:18.028+03:00  INFO 14372 --- [AnotherVault] [main] com.zaxxer.hikari.HikariDataSource       : HikariPool-1 - Starting...
2024-10-18T00:40:18.316+03:00  INFO 14372 --- [AnotherVault] [main] com.zaxxer.hikari.pool.HikariPool        : HikariPool-1 - Added connection org.postgresql.jdbc.PgConnection@7db162f2
2024-10-18T00:40:18.319+03:00  INFO 14372 --- [AnotherVault] [main] com.zaxxer.hikari.HikariDataSource       : HikariPool-1 - Start completed.
2024-10-18T00:40:18.371+03:00  WARN 14372 --- [AnotherVault] [main] org.hibernate.orm.deprecation            : HHH90000025: PostgreSQLDialect does not need to be specified explicitly using 'hibernate.dialect' (remove the property setting and it will be selected by default)
2024-10-18T00:40:19.925+03:00  INFO 14372 --- [AnotherVault] [main] o.h.e.t.j.p.i.JtaPlatformInitiator       : HHH000489: No JTA platform available (set 'hibernate.transaction.jta.platform' to enable JTA platform integration)
2024-10-18T00:40:20.069+03:00  INFO 14372 --- [AnotherVault] [main] j.LocalContainerEntityManagerFactoryBean : Initialized JPA EntityManagerFactory for persistence unit 'default'
2024-10-18T00:40:21.700+03:00  INFO 14372 --- [AnotherVault] [main] r$InitializeUserDetailsManagerConfigurer : Global AuthenticationManager configured with UserDetailsService bean with name userDetailsServiceImpl
2024-10-18T00:40:21.873+03:00  WARN 14372 --- [AnotherVault] [main] JpaBaseConfiguration$JpaWebConfiguration : spring.jpa.open-in-view is enabled by default. Therefore, database queries may be performed during view rendering. Explicitly configure spring.jpa.open-in-view to disable this warning
2024-10-18T00:40:22.405+03:00 DEBUG 14372 --- [AnotherVault] [main] o.s.s.web.DefaultSecurityFilterChain     : Will secure any request with filters: DisableEncodeUrlFilter, WebAsyncManagerIntegrationFilter, SecurityContextHolderFilter, HeaderWriterFilter, LogoutFilter, RequestCacheAwareFilter, SecurityContextHolderAwareRequestFilter, AnonymousAuthenticationFilter, ExceptionTranslationFilter, AuthorizationFilter
2024-10-18T00:40:22.902+03:00  INFO 14372 --- [AnotherVault] [main] o.s.b.w.embedded.tomcat.TomcatWebServer  : Tomcat started on port 8080 (http) with context path '/'
2024-10-18T00:40:22.919+03:00  INFO 14372 --- [AnotherVault] [main] c.V.A.AnotherVaultApplication            : Started AnotherVaultApplication in 9.788 seconds (process running for 11.474)
2024-10-18T00:40:29.916+03:00  INFO 14372 --- [AnotherVault] [http-nio-8080-exec-2] o.a.c.c.C.[Tomcat].[localhost].[/]       : Initializing Spring DispatcherServlet 'dispatcherServlet'
2024-10-18T00:40:29.917+03:00  INFO 14372 --- [AnotherVault] [http-nio-8080-exec-2] o.s.web.servlet.DispatcherServlet        : Initializing Servlet 'dispatcherServlet'
2024-10-18T00:40:29.918+03:00  INFO 14372 --- [AnotherVault] [http-nio-8080-exec-2] o.s.web.servlet.DispatcherServlet        : Completed initialization in 1 ms
2024-10-18T00:40:29.951+03:00 DEBUG 14372 --- [AnotherVault] [http-nio-8080-exec-2] o.s.security.web.FilterChainProxy        : Securing POST /api/files/upload/
2024-10-18T00:40:29.969+03:00 DEBUG 14372 --- [AnotherVault] [http-nio-8080-exec-2] o.s.security.web.FilterChainProxy        : Secured POST /api/files/upload/
2024-10-18T00:40:31.023+03:00  INFO 14372 --- [AnotherVault] [http-nio-8080-exec-2] c.VTB.AnotherVault.Services.CLOService   : Файл 'first.jpg' успешно загружен в bucket 's3-user-91c47d-default-bucket'.
2024-10-18T00:40:31.063+03:00 DEBUG 14372 --- [AnotherVault] [http-nio-8080-exec-2] o.s.s.w.a.AnonymousAuthenticationFilter  : Set SecurityContextHolder to anonymous SecurityContext
2024-10-18T00:41:10.863+03:00 DEBUG 14372 --- [AnotherVault] [http-nio-8080-exec-3] o.s.security.web.FilterChainProxy        : Securing POST /auth/login
2024-10-18T00:41:10.863+03:00 DEBUG 14372 --- [AnotherVault] [http-nio-8080-exec-3] o.s.security.web.FilterChainProxy        : Secured POST /auth/login
2024-10-18T00:41:11.397+03:00 DEBUG 14372 --- [AnotherVault] [http-nio-8080-exec-3] o.s.s.a.dao.DaoAuthenticationProvider    : Authenticated user
2024-10-18T00:41:11.397+03:00 DEBUG 14372 --- [AnotherVault] [http-nio-8080-exec-3] o.s.s.w.a.AnonymousAuthenticationFilter  : Set SecurityContextHolder to anonymous SecurityContext
2024-10-18T00:41:23.017+03:00 DEBUG 14372 --- [AnotherVault] [http-nio-8080-exec-4] o.s.security.web.FilterChainProxy        : Securing POST /auth/signup
2024-10-18T00:41:23.018+03:00 DEBUG 14372 --- [AnotherVault] [http-nio-8080-exec-4] o.s.security.web.FilterChainProxy        : Secured POST /auth/signup
2024-10-18T00:41:23.045+03:00  INFO 14372 --- [AnotherVault] [http-nio-8080-exec-4] c.VTB.AnotherVault.Services.UserService  : Регистрация пользователя: test11112@example.com
2024-10-18T00:41:23.219+03:00  INFO 14372 --- [AnotherVault] [http-nio-8080-exec-4] c.VTB.AnotherVault.Services.UserService  : Пользователь сохранен: 8
2024-10-18T00:41:23.222+03:00 DEBUG 14372 --- [AnotherVault] [http-nio-8080-exec-4] o.s.s.w.a.AnonymousAuthenticationFilter  : Set SecurityContextHolder to anonymous SecurityContext
2024-10-18T00:41:54.075+03:00 DEBUG 14372 --- [AnotherVault] [http-nio-8080-exec-5] o.s.security.web.FilterChainProxy        : Securing POST /api/files/upload/
2024-10-18T00:41:54.076+03:00 DEBUG 14372 --- [AnotherVault] [http-nio-8080-exec-5] o.s.security.web.FilterChainProxy        : Secured POST /api/files/upload/
2024-10-18T00:41:54.178+03:00  INFO 14372 --- [AnotherVault] [http-nio-8080-exec-5] c.VTB.AnotherVault.Services.CLOService   : Файл 'asd.txt' успешно загружен в bucket 's3-user-91c47d-default-bucket'.
2024-10-18T00:41:54.186+03:00 DEBUG 14372 --- [AnotherVault] [http-nio-8080-exec-5] o.s.s.w.a.AnonymousAuthenticationFilter  : Set SecurityContextHolder to anonymous SecurityContext
2024-10-18T00:43:11.046+03:00  INFO 14372 --- [AnotherVault] [SpringApplicationShutdownHook] j.LocalContainerEntityManagerFactoryBean : Closing JPA EntityManagerFactory for persistence unit 'default'
2024-10-18T00:43:11.048+03:00  INFO 14372 --- [AnotherVault] [SpringApplicationShutdownHook] com.zaxxer.hikari.HikariDataSource       : HikariPool-1 - Shutdown initiated...
2024-10-18T00:43:11.054+03:00  INFO 14372 --- [AnotherVault] [SpringApplicationShutdownHook] com.zaxxer.hikari.HikariDataSource       : HikariPool-1 - Shutdown completed.
